0.00	1297
0.03	1
0.05	1
0.06	4
0.08	2
0.10	1
0.11	5
0.13	65
0.14	130
0.16	9
0.18	8
0.19	9
0.21	18
0.23	34
0.24	6
0.26	16
0.27	19
0.29	68
0.31	12
0.32	12
0.34	11
0.35	23
0.37	43
0.39	17
0.40	33
0.42	8
0.43	20
0.45	13
0.47	10
0.48	12
0.50	11
0.52	60
0.53	12
0.55	6
0.56	11
0.58	15
0.60	21
0.61	18
0.63	7
0.64	9
0.66	25
0.68	13
0.69	7
0.71	9
0.72	20
0.74	16
0.76	14
0.77	7
0.79	3
0.81	9
0.82	9
0.84	9
0.85	10
0.87	11
0.89	5
0.90	8
0.92	4
0.93	8
0.95	9
0.97	4
0.98	18
1.00	16
1.01	10
1.03	14
1.05	6
1.06	14
1.08	13
1.09	5
1.11	20
1.13	11
1.14	10
1.16	10
1.18	7
1.19	13
1.21	12
1.22	10
1.24	11
1.26	11
1.27	10
1.29	17
1.30	16
1.32	21
1.34	14
1.35	14
1.37	16
1.38	24
1.40	16
1.42	27
1.43	19
1.45	22
1.47	25
1.48	24
1.50	33
1.51	19
1.53	146
1.55	24
1.56	32
1.58	31
1.59	32
1.61	270
1.63	28
1.64	27
1.66	57
1.67	55
1.69	44
1.71	40
1.72	34
1.74	37
1.75	21
1.77	32
1.79	17
1.80	32
1.82	48
1.84	34
1.85	31
1.87	29
1.88	22
1.90	32
1.92	23
1.93	24
1.95	23
1.96	42
1.98	25
10.00	53
10.01	56
10.03	56
10.05	51
10.06	63
10.08	72
10.09	55
10.11	54
10.13	56
10.14	50
10.16	54
10.18	64
10.19	55
10.21	65
10.22	67
10.24	61
10.26	58
10.27	83
10.29	56
10.30	62
10.32	76
10.34	69
10.35	70
10.37	62
10.38	86
10.40	80
10.42	81
10.43	80
10.45	101
10.47	110
10.48	89
10.50	88
10.51	97
10.53	80
10.55	117
10.56	118
10.58	136
10.59	151
10.61	106
10.63	97
10.64	163
10.66	135
10.67	157
10.69	165
10.71	181
10.72	236
10.74	191
10.75	190
10.77	161
10.79	158
10.80	162
10.82	158
10.84	223
10.85	164
10.87	218
10.88	206
10.90	249
10.92	270
10.93	217
10.95	276
10.96	110
10.98	130
11.00	159
11.01	233
11.03	159
11.04	347
11.06	258
11.08	276
11.09	129
11.11	102
11.13	156
11.14	101
11.16	130
11.17	158
11.19	129
11.21	212
11.22	129
11.24	152
11.25	96
11.27	1495
11.29	55
11.30	57
11.32	71
11.33	86
11.35	88
11.37	75
11.38	108
11.40	113
11.41	97
11.43	38
11.45	62
11.46	59
11.48	40
11.50	52
11.51	53
11.53	41
11.54	55
11.56	41
11.58	27
11.59	30
11.61	30
11.62	24
11.64	33
11.66	35
11.67	38
11.69	31
11.70	35
11.72	26
11.74	28
11.75	31
11.77	35
11.79	33
11.80	31
11.82	33
11.83	33
11.85	40
11.87	29
11.88	28
11.90	41
11.91	35
11.93	34
11.95	37
11.96	35
11.98	36
11.99	44
12.01	42
12.03	46
12.04	56
12.06	51
12.08	59
12.09	40
12.11	53
12.12	37
12.14	38
12.16	74
12.17	75
12.19	78
12.20	102
12.22	70
12.24	59
12.25	73
12.27	67
12.28	66
12.30	81
12.32	74
12.33	87
12.35	99
12.36	73
12.38	66
12.40	132
12.41	115
12.43	91
12.45	69
12.46	58
12.48	81
12.49	114
12.51	74
12.53	145
12.54	116
12.56	124
12.57	84
12.59	93
12.61	86
12.62	65
12.64	79
12.65	140
12.67	65
12.69	127
12.70	57
12.72	66
12.74	87
12.75	44
12.77	47
12.78	88
12.80	119
12.82	62
12.83	64
12.85	63
12.86	60
12.88	561
12.90	35
12.91	58
12.93	42
12.94	57
12.96	77
12.98	47
12.99	57
13.01	41
13.02	50
13.04	48
13.06	56
13.07	42
13.09	47
13.11	40
13.12	38
13.14	43
13.15	44
13.17	50
13.19	47
13.20	37
13.22	41
13.23	50
13.25	43
13.27	49
13.28	46
13.30	41
13.31	33
13.33	36
13.35	45
13.36	53
13.38	45
13.40	47
13.41	40
13.43	42
13.44	50
13.46	46
13.48	52
13.49	39
13.51	59
13.52	47
13.54	62
13.56	68
13.57	35
13.59	77
13.60	59
13.62	70
13.64	66
13.65	69
13.67	92
13.69	110
13.70	72
13.72	68
13.73	68
13.75	89
13.77	68
13.78	87
13.80	112
13.81	107
13.83	123
13.85	108
13.86	112
13.88	115
13.89	178
13.91	93
13.93	62
13.94	93
13.96	135
13.97	101
13.99	126
14.01	194
14.02	227
14.04	147
14.06	69
14.07	70
14.09	100
14.10	116
14.12	127
14.14	167
14.15	174
14.17	135
14.18	110
14.20	92
14.22	116
14.23	70
14.25	59
14.26	95
14.28	96
14.30	109
14.31	118
14.33	118
14.35	74
14.36	67
14.38	24
14.39	48
14.41	59
14.43	43
14.44	62
14.46	91
14.47	76
14.49	881
14.51	30
14.52	38
14.54	32
14.55	24
14.57	34
14.59	54
14.60	39
14.62	49
14.63	49
14.65	28
14.67	30
14.68	26
14.70	26
14.72	19
14.73	26
14.75	18
14.76	32
14.78	23
14.80	20
14.81	24
14.83	23
14.84	18
14.86	31
14.88	21
14.89	15
14.91	29
14.92	34
14.94	14
14.96	15
14.97	19
14.99	26
15.01	23
15.02	25
15.04	20
15.05	34
15.07	27
15.09	17
15.10	31
15.12	35
15.13	39
15.15	25
15.17	37
15.18	25
15.20	46
15.21	27
15.23	38
15.25	35
15.26	39
15.28	38
15.30	36
15.31	36
15.33	33
15.34	59
15.36	48
15.38	61
15.39	40
15.41	31
15.42	48
15.44	69
15.46	29
15.47	85
15.49	91
15.50	90
15.52	45
15.54	42
15.55	50
15.57	43
15.58	50
15.60	88
15.62	71
15.63	84
15.65	60
15.67	50
15.68	44
15.70	58
15.71	43
15.73	50
15.75	66
15.76	41
15.78	94
15.79	50
15.81	62
15.83	62
15.84	26
15.86	49
15.87	61
15.89	41
15.91	57
15.92	41
15.94	54
15.96	57
15.97	33
15.99	38
16.00	30
16.02	29
16.04	21
16.05	26
16.07	44
16.08	31
16.10	352
16.12	29
16.13	36
16.15	23
16.16	24
16.18	39
16.20	30
16.21	23
16.23	23
16.24	18
16.26	26
16.28	27
16.29	19
16.31	34
16.33	33
16.34	20
16.36	18
16.37	18
16.39	25
16.41	28
16.42	19
16.44	27
16.45	19
16.47	26
16.49	17
16.50	37
16.52	20
16.53	25
16.55	28
16.57	25
16.58	37
16.60	29
16.62	40
16.63	34
16.65	29
16.66	21
16.68	37
16.70	32
16.71	31
16.73	28
16.74	40
16.76	47
16.78	37
16.79	50
16.81	53
16.82	61
16.84	63
16.86	58
16.87	33
16.89	41
16.91	39
16.92	69
16.94	72
16.95	69
16.97	97
16.99	89
17.00	45
17.02	42
17.03	41
17.05	59
17.07	53
17.08	117
17.10	54
17.11	110
17.13	70
17.15	46
17.16	64
17.18	50
17.19	38
17.21	76
17.23	62
17.24	68
17.26	75
17.28	75
17.29	45
17.31	57
17.32	23
17.34	39
17.36	72
17.37	39
17.39	65
17.40	49
17.42	50
17.44	65
17.45	39
17.47	23
17.48	32
17.50	26
17.52	25
17.53	43
17.55	50
17.57	25
17.58	38
17.60	35
17.61	14
17.63	15
17.65	19
17.66	25
17.68	13
17.69	27
17.71	432
17.73	12
17.74	18
17.76	14
17.77	12
17.79	21
17.81	16
17.82	9
17.84	18
17.85	12
17.87	11
17.89	11
17.90	11
17.92	11
17.94	6
17.95	5
17.97	8
17.98	1
18.00	3
18.02	10
18.03	8
18.05	9
18.06	12
18.08	14
18.10	2
18.11	7
18.13	10
18.14	10
18.16	4
18.18	3
18.19	9
18.21	5
18.23	8
18.24	4
18.26	8
18.27	2
18.29	6
18.31	3
18.32	2
18.34	7
18.35	3
18.37	3
18.39	3
18.40	3
18.42	7
18.43	4
18.45	3
18.47	3
18.48	3
18.50	9
18.52	5
18.53	4
18.55	7
18.56	4
18.58	7
18.60	4
18.61	7
18.63	5
18.64	2
18.66	7
18.68	3
18.69	9
18.71	13
18.72	10
18.74	5
18.76	7
18.77	7
18.79	6
18.80	2
18.82	10
18.84	14
18.85	11
18.87	4
18.89	6
18.90	8
18.92	11
18.93	6
18.95	7
18.97	7
18.98	5
19.00	13
19.01	10
19.03	9
19.05	9
19.06	15
19.08	14
19.09	6
19.11	7
19.13	12
19.14	9
19.16	8
19.18	6
19.19	7
19.21	12
19.22	10
19.24	9
19.26	14
19.27	13
19.29	13
19.30	10
19.32	19
19.34	17
19.35	11
19.37	13
19.38	13
19.40	11
19.42	12
19.43	14
19.45	12
19.46	16
19.48	14
19.50	15
19.51	12
19.53	8
19.55	22
19.56	22
19.58	19
19.59	16
19.61	18
19.63	17
19.64	14
19.66	21
19.67	18
19.69	20
19.71	16
19.72	30
19.74	19
19.75	15
19.77	24
19.79	28
19.80	26
19.82	24
19.84	21
19.85	29
19.87	25
19.88	36
19.90	40
19.92	48
19.93	74
19.95	45
19.96	26
19.98	26
2.00	43
2.01	10
2.03	26
2.04	21
2.06	18
2.08	27
2.09	19
2.11	8
2.13	18
2.14	22
2.16	26
2.17	15
2.19	15
2.21	17
2.22	18
2.24	14
2.25	34
2.27	11
2.29	27
2.30	16
2.32	21
2.33	22
2.35	22
2.37	18
2.38	24
2.40	24
2.42	26
2.43	17
2.45	19
2.46	30
2.48	26
2.50	28
2.51	20
2.53	28
2.54	30
2.56	39
2.58	47
2.59	33
2.61	37
2.62	34
2.64	45
2.66	50
2.67	49
2.69	40
2.70	43
2.72	52
2.74	57
2.75	49
2.77	62
2.79	73
2.80	55
2.82	58
2.83	63
2.85	75
2.87	69
2.88	50
2.90	82
2.91	90
2.93	141
2.95	117
2.96	127
2.98	125
2.99	91
20.00	22
20.01	32
20.03	37
20.04	44
20.06	68
20.08	51
20.09	37
20.11	42
20.13	34
20.14	30
20.16	35
20.17	43
20.19	25
20.21	80
20.22	42
20.24	52
20.25	37
20.27	26
20.29	25
20.30	31
20.32	18
20.33	66
20.35	52
20.37	40
20.38	50
20.40	45
20.41	43
20.43	33
20.45	16
20.46	15
20.48	34
20.50	40
20.51	26
20.53	51
20.54	32
20.56	29
20.58	10
20.59	21
20.61	27
20.62	29
20.64	30
20.66	24
20.67	20
20.69	39
20.70	20
20.72	17
20.74	42
20.75	16
20.77	28
20.79	26
20.80	12
20.82	20
20.83	18
20.85	15
20.87	24
20.88	24
20.90	13
20.91	16
20.93	319
20.95	18
20.96	17
20.98	18
20.99	15
21.01	10
21.03	11
21.04	10
21.06	8
21.07	12
21.09	17
21.11	11
21.12	8
21.14	15
21.16	14
21.17	9
21.19	16
21.20	14
21.22	17
21.24	14
21.25	9
21.27	13
21.28	12
21.30	12
21.32	8
21.33	12
21.35	20
21.36	17
21.38	29
21.40	20
21.41	25
21.43	23
21.45	11
21.46	15
21.48	11
21.49	22
21.51	22
21.53	26
21.54	40
21.56	23
21.57	12
21.59	17
21.61	22
21.62	15
21.64	25
21.65	26
21.67	22
21.69	26
21.70	20
21.72	12
21.74	19
21.75	11
21.77	17
21.78	32
21.80	11
21.82	16
21.83	40
21.85	35
21.86	24
21.88	31
21.90	25
21.91	18
21.93	11
21.94	22
21.96	28
21.98	14
21.99	32
22.01	26
22.02	41
22.04	19
22.06	9
22.07	10
22.09	22
22.11	18
22.12	13
22.14	25
22.15	19
22.17	18
22.19	10
22.20	9
22.22	26
22.23	26
22.25	11
22.27	14
22.28	19
22.30	16
22.31	20
22.33	13
22.35	22
22.36	15
22.38	9
22.40	10
22.41	9
22.43	11
22.44	8
22.46	16
22.48	8
22.49	17
22.51	13
22.52	14
22.54	191
22.56	10
22.57	7
22.59	5
22.60	12
22.62	9
22.64	12
22.65	15
22.67	14
22.68	10
22.70	9
22.72	13
22.73	12
22.75	20
22.77	7
22.78	15
22.80	8
22.81	14
22.83	12
22.85	12
22.86	10
22.88	14
22.89	7
22.91	5
22.93	4
22.94	12
22.96	8
22.97	14
22.99	16
23.01	14
23.02	11
23.04	14
23.06	12
23.07	24
23.09	13
23.10	18
23.12	12
23.14	18
23.15	22
23.17	25
23.18	14
23.20	16
23.22	14
23.23	14
23.25	12
23.26	13
23.28	15
23.30	24
23.31	30
23.33	28
23.35	32
23.36	14
23.38	8
23.39	6
23.41	21
23.43	14
23.44	16
23.46	16
23.47	34
23.49	25
23.51	23
23.52	9
23.54	12
23.55	10
23.57	20
23.59	15
23.60	15
23.62	24
23.63	28
23.65	14
23.67	12
23.68	34
23.70	22
23.72	15
23.73	11
23.75	13
23.76	8
23.78	11
23.80	8
23.81	16
23.83	10
23.84	15
23.86	11
23.88	7
23.89	17
23.91	9
23.92	9
23.94	10
23.96	22
23.97	7
23.99	9
24.01	9
24.02	8
24.04	14
24.05	7
24.07	15
24.09	9
24.10	5
24.12	5
24.13	9
24.15	175
24.17	11
24.18	11
24.20	19
24.21	12
24.23	11
24.25	8
24.26	7
24.28	8
24.29	14
24.31	9
24.33	12
24.34	19
24.36	17
24.38	15
24.39	9
24.41	15
24.42	10
24.44	12
24.46	13
24.47	7
24.49	19
24.50	16
24.52	15
24.54	14
24.55	18
24.57	14
24.58	10
24.60	18
24.62	15
24.63	33
24.65	14
24.67	18
24.68	18
24.70	13
24.71	16
24.73	11
24.75	6
24.76	22
24.78	25
24.79	14
24.81	10
24.83	19
24.84	15
24.86	15
24.87	9
24.89	11
24.91	22
24.92	19
24.94	24
24.96	24
24.97	27
24.99	14
25.00	10
25.02	14
25.04	3
25.05	13
25.07	16
25.08	7
25.10	21
25.12	17
25.13	9
25.15	10
25.16	32
25.18	13
25.20	9
25.21	22
25.23	17
25.24	15
25.26	20
25.28	18
25.29	17
25.31	17
25.33	10
25.34	11
25.36	9
25.37	12
25.39	12
25.41	15
25.42	20
25.44	21
25.45	4
25.47	8
25.49	7
25.50	10
25.52	6
25.53	6
25.55	13
25.57	7
25.58	14
25.60	10
25.62	7
25.63	4
25.65	4
25.66	10
25.68	7
25.70	10
25.71	12
25.73	6
25.74	8
25.76	226
25.78	8
25.79	3
25.81	5
25.82	9
25.84	7
25.86	5
25.87	9
25.89	7
25.90	11
25.92	13
25.94	7
25.95	8
25.97	12
25.99	7
26.00	5
26.02	8
26.03	13
26.05	5
26.07	14
26.08	13
26.10	9
26.11	10
26.13	8
26.15	10
26.16	11
26.18	3
26.19	6
26.21	7
26.23	4
26.24	7
26.26	10
26.28	6
26.29	13
26.31	12
26.32	12
26.34	4
26.36	9
26.37	8
26.39	6
26.40	12
26.42	8
26.44	16
26.45	11
26.47	7
26.48	8
26.50	7
26.52	10
26.53	12
26.55	1
26.57	18
26.58	2
26.60	8
26.61	6
26.63	11
26.65	13
26.66	10
26.68	5
26.69	9
26.71	6
26.73	11
26.74	9
26.76	19
26.77	22
26.79	9
26.81	7
26.82	7
26.84	7
26.85	10
26.87	11
26.89	6
26.90	8
26.92	15
26.94	8
26.95	4
26.97	7
26.98	8
27.00	5
27.02	8
27.03	9
27.05	17
27.06	14
27.08	9
27.10	4
27.11	8
27.13	4
27.14	6
27.16	9
27.18	8
27.19	8
27.21	5
27.23	7
27.24	4
27.26	6
27.27	9
27.29	8
27.31	2
27.32	10
27.34	11
27.35	5
27.37	96
27.39	5
27.40	3
27.42	5
27.43	6
27.45	10
27.47	4
27.48	9
27.50	9
27.51	3
27.53	7
27.55	6
27.56	7
27.58	10
27.60	16
27.61	6
27.63	10
27.64	8
27.66	2
27.68	5
27.69	8
27.71	6
27.72	8
27.74	9
27.76	8
27.77	12
27.79	5
27.80	5
27.82	4
27.84	6
27.85	3
27.87	10
27.89	8
27.90	13
27.92	12
27.93	11
27.95	7
27.97	3
27.98	8
28.00	8
28.01	6
28.03	7
28.05	8
28.06	13
28.08	8
28.09	4
28.11	14
28.13	9
28.14	2
28.16	3
28.18	8
28.19	4
28.21	11
28.22	7
28.24	10
28.26	12
28.27	4
28.29	3
28.30	3
28.32	7
28.34	11
28.35	5
28.37	7
28.38	7
28.40	9
28.42	2
28.43	6
28.45	8
28.46	8
28.48	4
28.50	6
28.51	9
28.53	7
28.55	5
28.56	5
28.58	3
28.59	6
28.61	2
28.63	5
28.64	4
28.66	5
28.67	2
28.69	8
28.71	4
28.72	5
28.74	2
28.75	4
28.77	6
28.79	5
28.80	4
28.82	3
28.84	4
28.85	1
28.87	3
28.88	3
28.90	2
28.92	6
28.93	6
28.95	2
28.96	5
28.98	111
29.00	1
29.01	8
29.03	7
29.04	5
29.08	4
29.09	2
29.11	7
29.12	5
29.16	4
29.17	4
29.19	3
29.21	4
29.22	2
29.24	1
29.25	4
29.27	3
29.29	1
29.30	2
29.32	5
29.33	4
29.35	2
29.37	7
29.38	7
29.40	5
29.41	6
29.43	3
29.45	2
29.46	3
29.48	1
29.50	3
29.51	2
29.53	4
29.54	7
29.56	4
29.58	3
29.59	4
29.61	5
29.62	1
29.64	3
29.66	2
29.67	2
29.69	4
29.70	3
29.72	3
29.74	3
29.75	3
29.77	1
29.79	5
29.80	3
29.82	4
29.83	5
29.85	5
29.87	4
29.88	5
29.90	4
29.91	3
29.93	3
29.95	1
29.96	1
29.98	3
29.99	5
3.01	129
3.03	166
3.04	135
3.06	151
3.08	541
3.09	138
3.11	160
3.12	192
3.14	181
3.16	224
3.17	274
3.19	316
3.20	418
3.22	2441
3.24	144
3.25	86
3.27	176
3.28	116
3.30	178
3.32	127
3.33	203
3.35	218
3.36	249
3.38	85
3.40	111
3.41	122
3.43	135
3.45	96
3.46	94
3.48	117
3.49	72
3.51	88
3.53	133
3.54	99
3.56	123
3.57	113
3.59	80
3.61	72
3.62	50
3.64	77
3.65	71
3.67	70
3.69	50
3.70	97
3.72	73
3.74	39
3.75	37
3.77	47
3.78	37
3.80	40
3.82	43
3.83	37
3.85	25
3.86	36
3.88	38
3.90	40
3.91	36
3.93	29
3.94	29
3.96	36
3.98	38
3.99	49
30.01	5
30.03	3
30.04	3
30.06	2
30.07	1
30.09	3
30.11	7
30.12	1
30.14	3
30.16	1
30.17	1
30.19	2
30.20	3
30.22	2
30.24	1
30.25	1
30.27	4
30.28	6
30.30	3
30.32	2
30.33	2
30.35	2
30.36	1
30.38	4
30.40	6
30.41	5
30.43	2
30.45	3
30.46	5
30.48	2
30.49	4
30.51	5
30.53	4
30.54	5
30.56	3
30.57	2
30.59	51
30.61	2
30.62	3
30.64	1
30.65	2
30.67	7
30.69	2
30.72	4
30.73	3
30.75	3
30.77	1
30.78	2
30.80	1
30.82	7
30.83	6
30.85	6
30.86	5
30.88	2
30.90	1
30.91	2
30.93	2
30.94	4
30.96	2
30.98	2
31.01	5
31.02	7
31.04	1
31.06	3
31.07	1
31.09	5
31.11	3
31.12	4
31.14	6
31.15	7
31.17	2
31.19	1
31.20	7
31.22	1
31.23	2
31.25	5
31.27	4
31.28	5
31.30	4
31.31	5
31.33	4
31.35	7
31.36	3
31.38	3
31.40	4
31.41	3
31.43	6
31.44	3
31.46	2
31.48	2
31.49	2
31.51	2
31.52	1
31.54	4
31.56	2
31.57	3
31.59	6
31.60	2
31.62	6
31.65	2
31.67	2
31.68	4
31.70	2
31.72	4
31.73	3
31.75	3
31.77	5
31.78	1
31.81	4
31.83	3
31.85	2
31.86	1
31.88	5
31.89	3
31.91	3
31.93	2
31.94	1
31.96	2
31.97	1
31.99	4
32.01	2
32.02	2
32.04	3
32.06	4
32.07	2
32.10	2
32.12	4
32.14	2
32.15	3
32.17	4
32.18	2
32.20	22
32.22	6
32.23	1
32.25	1
32.26	3
32.28	3
32.30	1
32.31	4
32.33	2
32.34	5
32.36	2
32.38	3
32.39	2
32.41	4
32.43	1
32.44	1
32.46	3
32.47	4
32.49	5
32.51	3
32.52	2
32.54	2
32.55	3
32.57	4
32.59	1
32.60	4
32.62	3
32.63	3
32.65	3
32.67	4
32.68	3
32.70	1
32.72	1
32.73	4
32.75	1
32.76	4
32.78	1
32.80	5
32.81	4
32.83	4
32.84	2
32.86	5
32.88	1
32.89	6
32.91	4
32.92	2
32.94	5
32.96	2
32.97	2
32.99	2
33.01	3
33.02	4
33.04	4
33.05	6
33.07	2
33.09	6
33.10	6
33.12	4
33.13	2
33.15	1
33.18	1
33.20	3
33.21	4
33.23	7
33.25	2
33.26	2
33.28	3
33.29	7
33.31	1
33.33	2
33.34	2
33.36	7
33.38	2
33.39	1
33.42	3
33.44	4
33.47	2
33.49	2
33.50	5
33.55	4
33.57	2
33.58	1
33.60	2
33.62	4
33.63	4
33.65	6
33.67	1
33.68	4
33.70	5
33.71	3
33.73	2
33.75	4
33.78	1
33.79	2
33.81	41
33.83	5
33.84	2
33.86	1
33.87	4
33.89	1
33.91	3
33.92	1
33.95	3
33.97	4
33.99	3
34.00	3
34.02	4
34.04	2
34.05	4
34.07	2
34.08	1
34.10	4
34.12	1
34.13	3
34.15	5
34.16	6
34.18	4
34.20	2
34.21	3
34.23	1
34.24	1
34.26	3
34.28	5
34.29	8
34.31	2
34.34	1
34.36	3
34.37	3
34.39	2
34.41	8
34.42	3
34.44	5
34.45	1
34.47	1
34.49	3
34.50	4
34.52	3
34.53	1
34.55	3
34.57	5
34.58	3
34.62	6
34.63	2
34.66	2
34.68	3
34.70	4
34.71	4
34.73	1
34.74	6
34.76	1
34.78	3
34.79	1
34.81	1
34.82	2
34.84	2
34.86	2
34.87	3
34.89	2
34.90	3
34.92	1
34.95	1
34.97	4
34.99	1
35.00	1
35.02	2
35.03	1
35.07	2
35.08	1
35.10	1
35.13	2
35.15	1
35.16	1
35.18	1
35.19	2
35.21	2
35.24	2
35.26	1
35.28	3
35.29	4
35.31	2
35.32	1
35.34	2
35.37	3
35.39	2
35.40	1
35.42	34
35.44	4
35.45	1
35.47	1
35.48	1
35.52	1
35.53	2
35.55	1
35.56	1
35.60	1
35.61	4
35.63	3
35.65	3
35.68	1
35.69	1
35.71	1
35.73	1
35.74	1
35.76	2
35.77	2
35.81	2
35.84	2
35.85	2
35.87	1
35.90	2
35.92	4
35.94	2
35.97	1
36.00	1
36.02	2
36.03	2
36.05	3
36.06	1
36.08	1
36.11	1
36.13	1
36.14	2
36.16	1
36.18	2
36.19	2
36.23	2
36.24	2
36.27	4
36.29	1
36.31	1
36.32	3
36.34	1
36.39	1
36.40	1
36.42	1
36.43	1
36.45	3
36.47	2
36.51	1
36.56	1
36.58	2
36.61	2
36.63	3
36.64	2
36.66	1
36.69	2
36.71	2
36.72	3
36.76	1
36.77	2
36.79	1
36.82	2
36.84	1
36.92	2
36.93	4
36.95	1
36.98	3
37.00	1
37.03	18
37.06	1
37.08	1
37.11	1
37.13	2
37.17	2
37.19	1
37.22	2
37.27	1
37.29	1
37.32	1
37.35	2
37.37	2
37.38	1
37.40	1
37.45	1
37.48	1
37.50	1
37.51	3
37.58	1
37.63	2
37.64	2
37.66	2
37.71	2
37.72	2
37.74	1
37.79	1
37.80	1
37.82	2
37.84	1
37.85	1
37.87	2
37.88	1
37.90	1
37.93	1
37.96	1
37.98	1
38.01	2
38.04	4
38.06	1
38.08	1
38.11	2
38.14	1
38.16	2
38.19	1
38.21	1
38.22	1
38.24	2
38.27	2
38.30	2
38.33	2
38.37	1
38.38	3
38.41	1
38.43	2
38.48	1
38.50	1
38.51	1
38.53	1
38.59	1
38.64	18
38.67	1
38.69	2
38.70	1
38.72	2
38.74	1
38.77	1
38.78	1
38.80	2
38.83	4
38.85	3
38.87	1
38.91	2
38.99	1
39.03	2
39.04	2
39.06	1
39.11	1
39.14	1
39.16	1
39.17	1
39.20	1
39.24	1
39.25	1
39.30	4
39.32	1
39.33	2
39.36	2
39.41	3
39.43	1
39.51	1
39.53	3
39.54	1
39.56	1
39.57	2
39.62	1
39.65	2
39.69	2
39.70	1
39.72	1
39.73	2
39.75	2
39.78	1
39.82	1
39.83	1
39.85	1
39.88	1
39.96	1
39.99	1
4.01	35
4.03	47
4.04	39
4.06	44
4.07	31
4.09	33
4.11	46
4.12	30
4.14	35
4.15	46
4.17	54
4.19	43
4.20	40
4.22	36
4.23	43
4.25	43
4.27	37
4.28	55
4.30	43
4.31	41
4.33	54
4.35	56
4.36	52
4.38	50
4.40	49
4.41	44
4.43	68
4.44	63
4.46	84
4.48	86
4.49	89
4.51	85
4.52	92
4.54	77
4.56	95
4.57	85
4.59	67
4.60	201
4.62	111
4.64	96
4.65	139
4.67	132
4.69	138
4.70	126
4.72	104
4.73	138
4.75	183
4.77	131
4.78	68
4.80	132
4.81	125
4.83	797
4.85	97
4.86	102
4.88	123
4.89	132
4.91	80
4.93	75
4.94	61
4.96	91
4.97	87
4.99	77
40.06	1
40.12	1
40.14	2
40.25	13
40.30	2
40.31	1
40.38	1
40.46	1
40.51	1
40.54	1
40.56	1
40.60	1
40.80	1
40.83	2
40.85	1
40.88	1
40.91	1
40.93	2
40.96	1
41.02	1
41.06	1
41.18	1
41.20	1
41.30	1
41.38	1
41.39	1
41.43	1
41.44	1
41.46	1
41.47	1
41.52	1
41.54	1
41.55	1
41.65	1
41.70	1
41.72	1
41.76	1
41.78	1
41.80	1
41.86	7
41.92	1
41.96	1
42.05	1
42.09	2
42.17	1
42.23	1
42.47	1
42.52	1
42.54	2
42.55	1
42.63	1
42.67	1
42.68	1
42.70	1
42.76	1
42.79	1
42.92	1
42.94	1
43.00	1
43.04	1
43.20	1
43.26	1
43.29	1
43.44	1
43.45	1
43.47	1
43.49	1
43.60	1
43.63	1
43.70	1
43.71	1
43.79	1
43.84	1
43.86	1
43.87	1
43.94	1
43.99	1
44.00	1
44.15	1
44.16	1
44.21	1
44.39	2
44.42	1
44.56	1
44.60	1
44.63	1
44.74	1
44.89	1
45.02	1
45.06	1
45.08	9
45.10	1
45.13	2
45.39	1
45.50	1
45.51	1
45.53	2
45.61	1
45.63	2
45.68	1
45.79	1
45.92	1
45.93	1
46.08	1
46.21	2
46.61	2
46.72	1
46.83	2
47.09	1
47.29	1
47.53	1
48.20	1
48.30	1
49.06	1
49.39	1
5.01	72
5.02	74
5.04	70
5.06	91
5.07	47
5.09	59
5.10	69
5.12	103
5.14	43
5.15	58
5.17	51
5.18	43
5.20	31
5.22	29
5.23	43
5.25	41
5.26	56
5.28	34
5.30	42
5.31	61
5.33	41
5.35	29
5.36	32
5.38	40
5.39	16
5.41	46
5.43	32
5.44	22
5.46	22
5.47	34
5.49	25
5.51	39
5.52	34
5.54	31
5.55	36
5.57	31
5.59	28
5.60	29
5.62	45
5.64	43
5.65	36
5.67	36
5.68	35
5.70	34
5.72	35
5.73	28
5.75	52
5.76	34
5.78	41
5.80	48
5.81	38
5.83	60
5.84	45
5.86	61
5.88	53
5.89	60
5.91	60
5.92	68
5.94	47
5.96	56
5.97	63
5.99	64
50.14	1
50.97	1
51.15	1
52.94	1
53.19	2
53.24	1
53.60	1
54.88	1
55.93	1
6.01	65
6.02	92
6.04	102
6.05	98
6.07	83
6.09	83
6.10	114
6.12	117
6.13	121
6.15	319
6.17	143
6.18	104
6.20	129
6.21	116
6.23	136
6.25	180
6.26	155
6.28	259
6.30	330
6.31	120
6.33	67
6.34	154
6.36	93
6.38	128
6.39	78
6.41	151
6.42	202
6.44	1357
6.46	100
6.47	101
6.49	161
6.50	114
6.52	105
6.54	46
6.55	93
6.57	48
6.58	94
6.60	103
6.62	63
6.63	125
6.65	145
6.67	95
6.68	43
6.70	39
6.71	37
6.73	75
6.75	39
6.76	73
6.78	53
6.79	60
6.81	50
6.83	45
6.84	30
6.86	34
6.87	37
6.89	47
6.91	40
6.92	32
6.94	49
6.96	41
6.97	29
6.99	41
63.85	1
7.00	31
7.02	31
7.04	47
7.05	38
7.07	37
7.08	27
7.10	41
7.12	48
7.13	43
7.15	31
7.16	54
7.18	48
7.20	46
7.21	39
7.23	31
7.25	47
7.26	51
7.28	43
7.29	51
7.31	48
7.33	38
7.34	57
7.36	58
7.37	54
7.39	65
7.41	68
7.42	54
7.44	63
7.45	57
7.47	64
7.49	82
7.50	89
7.52	77
7.53	68
7.55	81
7.57	74
7.58	81
7.60	110
7.62	123
7.63	127
7.65	109
7.66	80
7.68	157
7.70	105
7.71	88
7.73	98
7.74	134
7.76	138
7.78	170
7.79	136
7.81	132
7.82	210
7.84	88
7.86	82
7.87	128
7.89	109
7.91	111
7.92	108
7.94	113
7.95	136
7.97	230
7.99	97
8.00	75
8.02	80
8.03	78
8.05	920
8.07	68
8.08	96
8.10	89
8.11	70
8.13	110
8.15	37
8.16	65
8.18	59
8.19	125
8.21	36
8.23	80
8.24	42
8.26	62
8.28	41
8.29	31
8.31	52
8.32	39
8.34	60
8.36	43
8.37	33
8.39	34
8.40	25
8.42	32
8.44	35
8.45	30
8.47	44
8.48	31
8.50	35
8.52	39
8.53	30
8.55	48
8.57	29
8.58	32
8.60	28
8.61	46
8.63	25
8.65	40
8.66	33
8.68	33
8.69	31
8.71	30
8.73	46
8.74	34
8.76	39
8.77	40
8.79	52
8.81	48
8.82	49
8.84	52
8.86	43
8.87	54
8.89	49
8.90	62
8.92	44
8.94	65
8.95	58
8.97	69
8.98	74
9.00	74
9.02	69
9.03	84
9.05	72
9.06	81
9.08	105
9.10	104
9.11	120
9.13	96
9.14	63
9.16	84
9.18	79
9.19	103
9.21	124
9.23	211
9.24	142
9.26	148
9.27	96
9.29	134
9.31	117
9.32	138
9.34	111
9.35	147
9.37	206
9.39	117
9.40	117
9.42	125
9.43	144
9.45	154
9.47	155
9.48	149
9.50	127
9.52	169
9.53	122
9.55	102
9.56	150
9.58	155
9.60	147
9.61	118
9.63	90
9.64	83
9.66	785
9.68	80
9.69	79
9.71	154
9.72	130
9.74	118
9.76	55
9.77	56
9.79	82
9.80	47
9.82	64
9.84	79
9.85	48
9.87	70
9.89	73
9.90	46
9.92	68
9.93	44
9.95	41
9.97	48
9.98	55

