Partly Cloudy	31733
Mostly Cloudy	28094
Overcast	16597
Clear	10890
Foggy	7148
Breezy and Overcast	528
Breezy and Mostly Cloudy	516
Breezy and Partly Cloudy	386
Dry and Partly Cloudy	86
Windy and Partly Cloudy	67
Light Rain	63
Breezy	54
Windy and Overcast	45
Humid and Mostly Cloudy	40
Drizzle	39
Windy and Mostly Cloudy	35
Breezy and Foggy	35
Dry	34
Humid and Partly Cloudy	17
Dry and Mostly Cloudy	14
Rain	10
Windy	8
Humid and Overcast	7
Windy and Foggy	4
Windy and Dry	1
Dangerously Windy and Partly Cloudy	1
Breezy and Dry	1

